2024-09-04T02:01:42.250+05:30  INFO 34692 --- [16-bankminiproject-app] [restartedMain] com.techlabs.bank.Application            : Starting Application using Java 21.0.3 with PID 34692 (D:\Spring_Assignments\20-bankminiproject-app\target\classes started by Pranay.Mahadik in D:\Spring_Assignments\20-bankminiproject-app)
2024-09-04T02:01:42.283+05:30  INFO 34692 --- [16-bankminiproject-app] [restartedMain] com.techlabs.bank.Application            : No active profile set, falling back to 1 default profile: "default"
2024-09-04T02:01:42.392+05:30  INFO 34692 --- [16-bankminiproject-app] [restartedMain] .e.DevToolsPropertyDefaultsPostProcessor : Devtools property defaults active! Set 'spring.devtools.add-properties' to 'false' to disable
2024-09-04T02:01:42.393+05:30  INFO 34692 --- [16-bankminiproject-app] [restartedMain] .e.DevToolsPropertyDefaultsPostProcessor : For additional web related logging consider setting the 'logging.level.web' property to 'DEBUG'
2024-09-04T02:01:44.141+05:30  INFO 34692 --- [16-bankminiproject-app] [restartedMain] .s.d.r.c.RepositoryConfigurationDelegate : Bootstrapping Spring Data JPA repositories in DEFAULT mode.
2024-09-04T02:01:44.342+05:30  INFO 34692 --- [16-bankminiproject-app] [restartedMain] .s.d.r.c.RepositoryConfigurationDelegate : Finished Spring Data repository scanning in 176 ms. Found 6 JPA repository interfaces.
2024-09-04T02:01:45.753+05:30  INFO 34692 --- [16-bankminiproject-app] [restartedMain] o.s.b.w.embedded.tomcat.TomcatWebServer  : Tomcat initialized with port 8080 (http)
2024-09-04T02:01:45.791+05:30  INFO 34692 --- [16-bankminiproject-app] [restartedMain] o.apache.catalina.core.StandardService   : Starting service [Tomcat]
2024-09-04T02:01:45.793+05:30  INFO 34692 --- [16-bankminiproject-app] [restartedMain] o.apache.catalina.core.StandardEngine    : Starting Servlet engine: [Apache Tomcat/10.1.28]
2024-09-04T02:01:45.898+05:30  INFO 34692 --- [16-bankminiproject-app] [restartedMain] o.a.c.c.C.[Tomcat].[localhost].[/]       : Initializing Spring embedded WebApplicationContext
2024-09-04T02:01:45.899+05:30  INFO 34692 --- [16-bankminiproject-app] [restartedMain] w.s.c.ServletWebServerApplicationContext : Root WebApplicationContext: initialization completed in 3504 ms
2024-09-04T02:01:46.269+05:30  INFO 34692 --- [16-bankminiproject-app] [restartedMain] o.hibernate.jpa.internal.util.LogHelper  : HHH000204: Processing PersistenceUnitInfo [name: default]
2024-09-04T02:01:46.385+05:30  INFO 34692 --- [16-bankminiproject-app] [restartedMain] org.hibernate.Version                    : HHH000412: Hibernate ORM core version 6.5.2.Final
2024-09-04T02:01:46.442+05:30  INFO 34692 --- [16-bankminiproject-app] [restartedMain] o.h.c.internal.RegionFactoryInitiator    : HHH000026: Second-level cache disabled
2024-09-04T02:01:47.072+05:30  INFO 34692 --- [16-bankminiproject-app] [restartedMain] o.s.o.j.p.SpringPersistenceUnitInfo      : No LoadTimeWeaver setup: ignoring JPA class transformer
2024-09-04T02:01:47.112+05:30  INFO 34692 --- [16-bankminiproject-app] [restartedMain] com.zaxxer.hikari.HikariDataSource       : HikariPool-1 - Starting...
2024-09-04T02:01:47.677+05:30  INFO 34692 --- [16-bankminiproject-app] [restartedMain] com.zaxxer.hikari.pool.HikariPool        : HikariPool-1 - Added connection com.mysql.cj.jdbc.ConnectionImpl@6d91a2a4
2024-09-04T02:01:47.680+05:30  INFO 34692 --- [16-bankminiproject-app] [restartedMain] com.zaxxer.hikari.HikariDataSource       : HikariPool-1 - Start completed.
2024-09-04T02:01:49.461+05:30  INFO 34692 --- [16-bankminiproject-app] [restartedMain] o.h.e.t.j.p.i.JtaPlatformInitiator       : HHH000489: No JTA platform available (set 'hibernate.transaction.jta.platform' to enable JTA platform integration)
2024-09-04T02:01:49.603+05:30  INFO 34692 --- [16-bankminiproject-app] [restartedMain] j.LocalContainerEntityManagerFactoryBean : Initialized JPA EntityManagerFactory for persistence unit 'default'
2024-09-04T02:01:50.660+05:30  INFO 34692 --- [16-bankminiproject-app] [restartedMain] r$InitializeUserDetailsManagerConfigurer : Global AuthenticationManager configured with UserDetailsService bean with name customUserDetailsService
2024-09-04T02:01:50.843+05:30  WARN 34692 --- [16-bankminiproject-app] [restartedMain] JpaBaseConfiguration$JpaWebConfiguration : spring.jpa.open-in-view is enabled by default. Therefore, database queries may be performed during view rendering. Explicitly configure spring.jpa.open-in-view to disable this warning
2024-09-04T02:01:52.105+05:30  INFO 34692 --- [16-bankminiproject-app] [restartedMain] o.s.b.d.a.OptionalLiveReloadServer       : LiveReload server is running on port 35729
2024-09-04T02:01:52.183+05:30  INFO 34692 --- [16-bankminiproject-app] [restartedMain] o.s.b.w.embedded.tomcat.TomcatWebServer  : Tomcat started on port 8080 (http) with context path '/'
2024-09-04T02:01:52.206+05:30  INFO 34692 --- [16-bankminiproject-app] [restartedMain] com.techlabs.bank.Application            : Started Application in 10.842 seconds (process running for 12.036)
2024-09-04T02:18:00.028+05:30  INFO 34692 --- [16-bankminiproject-app] [File Watcher] rtingClassPathChangeChangedEventListener : Restarting due to 1 class path change (0 additions, 0 deletions, 1 modification)
2024-09-04T02:18:00.054+05:30  INFO 34692 --- [16-bankminiproject-app] [Thread-5] j.LocalContainerEntityManagerFactoryBean : Closing JPA EntityManagerFactory for persistence unit 'default'
2024-09-04T02:18:00.061+05:30  INFO 34692 --- [16-bankminiproject-app] [Thread-5] com.zaxxer.hikari.HikariDataSource       : HikariPool-1 - Shutdown initiated...
2024-09-04T02:18:00.098+05:30  INFO 34692 --- [16-bankminiproject-app] [Thread-5] com.zaxxer.hikari.HikariDataSource       : HikariPool-1 - Shutdown completed.
2024-09-04T02:18:00.298+05:30  INFO 34692 --- [16-bankminiproject-app] [restartedMain] com.techlabs.bank.Application            : Starting Application using Java 21.0.3 with PID 34692 (D:\Spring_Assignments\20-bankminiproject-app\target\classes started by Pranay.Mahadik in D:\Spring_Assignments\20-bankminiproject-app)
2024-09-04T02:18:00.301+05:30  INFO 34692 --- [16-bankminiproject-app] [restartedMain] com.techlabs.bank.Application            : No active profile set, falling back to 1 default profile: "default"
2024-09-04T02:18:00.899+05:30  INFO 34692 --- [16-bankminiproject-app] [restartedMain] .s.d.r.c.RepositoryConfigurationDelegate : Bootstrapping Spring Data JPA repositories in DEFAULT mode.
2024-09-04T02:18:01.122+05:30  INFO 34692 --- [16-bankminiproject-app] [restartedMain] .s.d.r.c.RepositoryConfigurationDelegate : Finished Spring Data repository scanning in 221 ms. Found 6 JPA repository interfaces.
2024-09-04T02:18:01.400+05:30  INFO 34692 --- [16-bankminiproject-app] [restartedMain] o.s.b.w.embedded.tomcat.TomcatWebServer  : Tomcat initialized with port 8080 (http)
2024-09-04T02:18:01.404+05:30  INFO 34692 --- [16-bankminiproject-app] [restartedMain] o.apache.catalina.core.StandardService   : Starting service [Tomcat]
2024-09-04T02:18:01.405+05:30  INFO 34692 --- [16-bankminiproject-app] [restartedMain] o.apache.catalina.core.StandardEngine    : Starting Servlet engine: [Apache Tomcat/10.1.28]
2024-09-04T02:18:01.456+05:30  INFO 34692 --- [16-bankminiproject-app] [restartedMain] o.a.c.c.C.[Tomcat].[localhost].[/]       : Initializing Spring embedded WebApplicationContext
2024-09-04T02:18:01.456+05:30  INFO 34692 --- [16-bankminiproject-app] [restartedMain] w.s.c.ServletWebServerApplicationContext : Root WebApplicationContext: initialization completed in 1148 ms
2024-09-04T02:18:01.578+05:30  INFO 34692 --- [16-bankminiproject-app] [restartedMain] o.hibernate.jpa.internal.util.LogHelper  : HHH000204: Processing PersistenceUnitInfo [name: default]
2024-09-04T02:18:01.585+05:30  INFO 34692 --- [16-bankminiproject-app] [restartedMain] o.h.c.internal.RegionFactoryInitiator    : HHH000026: Second-level cache disabled
2024-09-04T02:18:01.607+05:30  INFO 34692 --- [16-bankminiproject-app] [restartedMain] o.s.o.j.p.SpringPersistenceUnitInfo      : No LoadTimeWeaver setup: ignoring JPA class transformer
2024-09-04T02:18:01.609+05:30  INFO 34692 --- [16-bankminiproject-app] [restartedMain] com.zaxxer.hikari.HikariDataSource       : HikariPool-2 - Starting...
2024-09-04T02:18:01.649+05:30  INFO 34692 --- [16-bankminiproject-app] [restartedMain] com.zaxxer.hikari.pool.HikariPool        : HikariPool-2 - Added connection com.mysql.cj.jdbc.ConnectionImpl@2f3b25c4
2024-09-04T02:18:01.649+05:30  INFO 34692 --- [16-bankminiproject-app] [restartedMain] com.zaxxer.hikari.HikariDataSource       : HikariPool-2 - Start completed.
2024-09-04T02:18:01.918+05:30  INFO 34692 --- [16-bankminiproject-app] [restartedMain] o.h.e.t.j.p.i.JtaPlatformInitiator       : HHH000489: No JTA platform available (set 'hibernate.transaction.jta.platform' to enable JTA platform integration)
2024-09-04T02:18:02.022+05:30  INFO 34692 --- [16-bankminiproject-app] [restartedMain] j.LocalContainerEntityManagerFactoryBean : Initialized JPA EntityManagerFactory for persistence unit 'default'
2024-09-04T02:18:02.292+05:30  INFO 34692 --- [16-bankminiproject-app] [restartedMain] r$InitializeUserDetailsManagerConfigurer : Global AuthenticationManager configured with UserDetailsService bean with name customUserDetailsService
2024-09-04T02:18:02.393+05:30  WARN 34692 --- [16-bankminiproject-app] [restartedMain] JpaBaseConfiguration$JpaWebConfiguration : spring.jpa.open-in-view is enabled by default. Therefore, database queries may be performed during view rendering. Explicitly configure spring.jpa.open-in-view to disable this warning
2024-09-04T02:18:02.721+05:30  INFO 34692 --- [16-bankminiproject-app] [restartedMain] o.s.b.d.a.OptionalLiveReloadServer       : LiveReload server is running on port 35729
2024-09-04T02:18:02.747+05:30  INFO 34692 --- [16-bankminiproject-app] [restartedMain] o.s.b.w.embedded.tomcat.TomcatWebServer  : Tomcat started on port 8080 (http) with context path '/'
2024-09-04T02:18:02.755+05:30  INFO 34692 --- [16-bankminiproject-app] [restartedMain] com.techlabs.bank.Application            : Started Application in 2.54 seconds (process running for 982.585)
2024-09-04T02:18:02.760+05:30  INFO 34692 --- [16-bankminiproject-app] [restartedMain] .ConditionEvaluationDeltaLoggingListener : Condition evaluation unchanged
2024-09-04T02:18:18.482+05:30  INFO 34692 --- [16-bankminiproject-app] [File Watcher] rtingClassPathChangeChangedEventListener : Restarting due to 1 class path change (0 additions, 0 deletions, 1 modification)
2024-09-04T02:18:18.504+05:30  INFO 34692 --- [16-bankminiproject-app] [Thread-7] j.LocalContainerEntityManagerFactoryBean : Closing JPA EntityManagerFactory for persistence unit 'default'
2024-09-04T02:18:18.505+05:30  INFO 34692 --- [16-bankminiproject-app] [Thread-7] com.zaxxer.hikari.HikariDataSource       : HikariPool-2 - Shutdown initiated...
2024-09-04T02:18:18.530+05:30  INFO 34692 --- [16-bankminiproject-app] [Thread-7] com.zaxxer.hikari.HikariDataSource       : HikariPool-2 - Shutdown completed.
2024-09-04T02:18:18.682+05:30  INFO 34692 --- [16-bankminiproject-app] [restartedMain] com.techlabs.bank.Application            : Starting Application using Java 21.0.3 with PID 34692 (D:\Spring_Assignments\20-bankminiproject-app\target\classes started by Pranay.Mahadik in D:\Spring_Assignments\20-bankminiproject-app)
2024-09-04T02:18:18.683+05:30  INFO 34692 --- [16-bankminiproject-app] [restartedMain] com.techlabs.bank.Application            : No active profile set, falling back to 1 default profile: "default"
2024-09-04T02:18:19.132+05:30  INFO 34692 --- [16-bankminiproject-app] [restartedMain] .s.d.r.c.RepositoryConfigurationDelegate : Bootstrapping Spring Data JPA repositories in DEFAULT mode.
2024-09-04T02:18:19.258+05:30  INFO 34692 --- [16-bankminiproject-app] [restartedMain] .s.d.r.c.RepositoryConfigurationDelegate : Finished Spring Data repository scanning in 125 ms. Found 6 JPA repository interfaces.
2024-09-04T02:18:19.511+05:30  INFO 34692 --- [16-bankminiproject-app] [restartedMain] o.s.b.w.embedded.tomcat.TomcatWebServer  : Tomcat initialized with port 8080 (http)
2024-09-04T02:18:19.513+05:30  INFO 34692 --- [16-bankminiproject-app] [restartedMain] o.apache.catalina.core.StandardService   : Starting service [Tomcat]
2024-09-04T02:18:19.514+05:30  INFO 34692 --- [16-bankminiproject-app] [restartedMain] o.apache.catalina.core.StandardEngine    : Starting Servlet engine: [Apache Tomcat/10.1.28]
2024-09-04T02:18:19.561+05:30  INFO 34692 --- [16-bankminiproject-app] [restartedMain] o.a.c.c.C.[Tomcat].[localhost].[/]       : Initializing Spring embedded WebApplicationContext
2024-09-04T02:18:19.562+05:30  INFO 34692 --- [16-bankminiproject-app] [restartedMain] w.s.c.ServletWebServerApplicationContext : Root WebApplicationContext: initialization completed in 877 ms
2024-09-04T02:18:19.680+05:30  INFO 34692 --- [16-bankminiproject-app] [restartedMain] o.hibernate.jpa.internal.util.LogHelper  : HHH000204: Processing PersistenceUnitInfo [name: default]
2024-09-04T02:18:19.685+05:30  INFO 34692 --- [16-bankminiproject-app] [restartedMain] o.h.c.internal.RegionFactoryInitiator    : HHH000026: Second-level cache disabled
2024-09-04T02:18:19.700+05:30  INFO 34692 --- [16-bankminiproject-app] [restartedMain] o.s.o.j.p.SpringPersistenceUnitInfo      : No LoadTimeWeaver setup: ignoring JPA class transformer
2024-09-04T02:18:19.701+05:30  INFO 34692 --- [16-bankminiproject-app] [restartedMain] com.zaxxer.hikari.HikariDataSource       : HikariPool-3 - Starting...
2024-09-04T02:18:19.744+05:30  INFO 34692 --- [16-bankminiproject-app] [restartedMain] com.zaxxer.hikari.pool.HikariPool        : HikariPool-3 - Added connection com.mysql.cj.jdbc.ConnectionImpl@da31e30
2024-09-04T02:18:19.744+05:30  INFO 34692 --- [16-bankminiproject-app] [restartedMain] com.zaxxer.hikari.HikariDataSource       : HikariPool-3 - Start completed.
2024-09-04T02:18:20.024+05:30  INFO 34692 --- [16-bankminiproject-app] [restartedMain] o.h.e.t.j.p.i.JtaPlatformInitiator       : HHH000489: No JTA platform available (set 'hibernate.transaction.jta.platform' to enable JTA platform integration)
2024-09-04T02:18:20.127+05:30  INFO 34692 --- [16-bankminiproject-app] [restartedMain] j.LocalContainerEntityManagerFactoryBean : Initialized JPA EntityManagerFactory for persistence unit 'default'
2024-09-04T02:18:20.485+05:30  INFO 34692 --- [16-bankminiproject-app] [restartedMain] r$InitializeUserDetailsManagerConfigurer : Global AuthenticationManager configured with UserDetailsService bean with name customUserDetailsService
2024-09-04T02:18:20.587+05:30  WARN 34692 --- [16-bankminiproject-app] [restartedMain] JpaBaseConfiguration$JpaWebConfiguration : spring.jpa.open-in-view is enabled by default. Therefore, database queries may be performed during view rendering. Explicitly configure spring.jpa.open-in-view to disable this warning
2024-09-04T02:18:20.950+05:30  INFO 34692 --- [16-bankminiproject-app] [restartedMain] o.s.b.d.a.OptionalLiveReloadServer       : LiveReload server is running on port 35729
2024-09-04T02:18:20.998+05:30  INFO 34692 --- [16-bankminiproject-app] [restartedMain] o.s.b.w.embedded.tomcat.TomcatWebServer  : Tomcat started on port 8080 (http) with context path '/'
2024-09-04T02:18:21.004+05:30  INFO 34692 --- [16-bankminiproject-app] [restartedMain] com.techlabs.bank.Application            : Started Application in 2.368 seconds (process running for 1000.834)
2024-09-04T02:18:21.007+05:30  INFO 34692 --- [16-bankminiproject-app] [restartedMain] .ConditionEvaluationDeltaLoggingListener : Condition evaluation unchanged
2024-09-04T02:53:01.916+05:30  INFO 35988 --- [16-bankminiproject-app] [restartedMain] com.techlabs.bank.Application            : Starting Application using Java 21.0.3 with PID 35988 (D:\Spring_Assignments\20-bankminiproject-app\target\classes started by Pranay.Mahadik in D:\Spring_Assignments\20-bankminiproject-app)
2024-09-04T02:53:01.927+05:30  INFO 35988 --- [16-bankminiproject-app] [restartedMain] com.techlabs.bank.Application            : No active profile set, falling back to 1 default profile: "default"
2024-09-04T02:53:02.009+05:30  INFO 35988 --- [16-bankminiproject-app] [restartedMain] .e.DevToolsPropertyDefaultsPostProcessor : Devtools property defaults active! Set 'spring.devtools.add-properties' to 'false' to disable
2024-09-04T02:53:02.010+05:30  INFO 35988 --- [16-bankminiproject-app] [restartedMain] .e.DevToolsPropertyDefaultsPostProcessor : For additional web related logging consider setting the 'logging.level.web' property to 'DEBUG'
2024-09-04T02:53:03.545+05:30  INFO 35988 --- [16-bankminiproject-app] [restartedMain] .s.d.r.c.RepositoryConfigurationDelegate : Bootstrapping Spring Data JPA repositories in DEFAULT mode.
2024-09-04T02:53:03.798+05:30  INFO 35988 --- [16-bankminiproject-app] [restartedMain] .s.d.r.c.RepositoryConfigurationDelegate : Finished Spring Data repository scanning in 226 ms. Found 6 JPA repository interfaces.
2024-09-04T02:53:05.425+05:30  INFO 35988 --- [16-bankminiproject-app] [restartedMain] o.s.b.w.embedded.tomcat.TomcatWebServer  : Tomcat initialized with port 8080 (http)
2024-09-04T02:53:05.456+05:30  INFO 35988 --- [16-bankminiproject-app] [restartedMain] o.apache.catalina.core.StandardService   : Starting service [Tomcat]
2024-09-04T02:53:05.456+05:30  INFO 35988 --- [16-bankminiproject-app] [restartedMain] o.apache.catalina.core.StandardEngine    : Starting Servlet engine: [Apache Tomcat/10.1.28]
2024-09-04T02:53:05.581+05:30  INFO 35988 --- [16-bankminiproject-app] [restartedMain] o.a.c.c.C.[Tomcat].[localhost].[/]       : Initializing Spring embedded WebApplicationContext
2024-09-04T02:53:05.582+05:30  INFO 35988 --- [16-bankminiproject-app] [restartedMain] w.s.c.ServletWebServerApplicationContext : Root WebApplicationContext: initialization completed in 3571 ms
2024-09-04T02:53:05.964+05:30  INFO 35988 --- [16-bankminiproject-app] [restartedMain] o.hibernate.jpa.internal.util.LogHelper  : HHH000204: Processing PersistenceUnitInfo [name: default]
2024-09-04T02:53:06.084+05:30  INFO 35988 --- [16-bankminiproject-app] [restartedMain] org.hibernate.Version                    : HHH000412: Hibernate ORM core version 6.5.2.Final
2024-09-04T02:53:06.173+05:30  INFO 35988 --- [16-bankminiproject-app] [restartedMain] o.h.c.internal.RegionFactoryInitiator    : HHH000026: Second-level cache disabled
2024-09-04T02:53:06.669+05:30  INFO 35988 --- [16-bankminiproject-app] [restartedMain] o.s.o.j.p.SpringPersistenceUnitInfo      : No LoadTimeWeaver setup: ignoring JPA class transformer
2024-09-04T02:53:06.720+05:30  INFO 35988 --- [16-bankminiproject-app] [restartedMain] com.zaxxer.hikari.HikariDataSource       : HikariPool-1 - Starting...
2024-09-04T02:53:07.408+05:30  INFO 35988 --- [16-bankminiproject-app] [restartedMain] com.zaxxer.hikari.pool.HikariPool        : HikariPool-1 - Added connection com.mysql.cj.jdbc.ConnectionImpl@13bf9cc7
2024-09-04T02:53:07.415+05:30  INFO 35988 --- [16-bankminiproject-app] [restartedMain] com.zaxxer.hikari.HikariDataSource       : HikariPool-1 - Start completed.
2024-09-04T02:53:09.076+05:30  INFO 35988 --- [16-bankminiproject-app] [restartedMain] o.h.e.t.j.p.i.JtaPlatformInitiator       : HHH000489: No JTA platform available (set 'hibernate.transaction.jta.platform' to enable JTA platform integration)
2024-09-04T02:53:09.220+05:30  INFO 35988 --- [16-bankminiproject-app] [restartedMain] j.LocalContainerEntityManagerFactoryBean : Initialized JPA EntityManagerFactory for persistence unit 'default'
2024-09-04T02:53:10.339+05:30  INFO 35988 --- [16-bankminiproject-app] [restartedMain] r$InitializeUserDetailsManagerConfigurer : Global AuthenticationManager configured with UserDetailsService bean with name customUserDetailsService
2024-09-04T02:53:10.681+05:30  WARN 35988 --- [16-bankminiproject-app] [restartedMain] JpaBaseConfiguration$JpaWebConfiguration : spring.jpa.open-in-view is enabled by default. Therefore, database queries may be performed during view rendering. Explicitly configure spring.jpa.open-in-view to disable this warning
2024-09-04T02:53:11.998+05:30  INFO 35988 --- [16-bankminiproject-app] [restartedMain] o.s.b.d.a.OptionalLiveReloadServer       : LiveReload server is running on port 35729
2024-09-04T02:53:12.075+05:30  INFO 35988 --- [16-bankminiproject-app] [restartedMain] o.s.b.w.embedded.tomcat.TomcatWebServer  : Tomcat started on port 8080 (http) with context path '/'
2024-09-04T02:53:12.097+05:30  INFO 35988 --- [16-bankminiproject-app] [restartedMain] com.techlabs.bank.Application            : Started Application in 10.921 seconds (process running for 11.944)
2024-09-04T02:54:45.616+05:30  INFO 35988 --- [16-bankminiproject-app] [File Watcher] rtingClassPathChangeChangedEventListener : Restarting due to 1 class path change (0 additions, 0 deletions, 1 modification)
2024-09-04T02:54:45.644+05:30  INFO 35988 --- [16-bankminiproject-app] [Thread-5] j.LocalContainerEntityManagerFactoryBean : Closing JPA EntityManagerFactory for persistence unit 'default'
2024-09-04T02:54:45.648+05:30  INFO 35988 --- [16-bankminiproject-app] [Thread-5] com.zaxxer.hikari.HikariDataSource       : HikariPool-1 - Shutdown initiated...
2024-09-04T02:54:45.713+05:30  INFO 35988 --- [16-bankminiproject-app] [Thread-5] com.zaxxer.hikari.HikariDataSource       : HikariPool-1 - Shutdown completed.
2024-09-04T02:54:45.861+05:30  INFO 35988 --- [16-bankminiproject-app] [restartedMain] com.techlabs.bank.Application            : Starting Application using Java 21.0.3 with PID 35988 (D:\Spring_Assignments\20-bankminiproject-app\target\classes started by Pranay.Mahadik in D:\Spring_Assignments\20-bankminiproject-app)
2024-09-04T02:54:45.861+05:30  INFO 35988 --- [16-bankminiproject-app] [restartedMain] com.techlabs.bank.Application            : No active profile set, falling back to 1 default profile: "default"
2024-09-04T02:54:46.413+05:30  INFO 35988 --- [16-bankminiproject-app] [restartedMain] .s.d.r.c.RepositoryConfigurationDelegate : Bootstrapping Spring Data JPA repositories in DEFAULT mode.
2024-09-04T02:54:46.520+05:30  INFO 35988 --- [16-bankminiproject-app] [restartedMain] .s.d.r.c.RepositoryConfigurationDelegate : Finished Spring Data repository scanning in 105 ms. Found 6 JPA repository interfaces.
2024-09-04T02:54:46.898+05:30  INFO 35988 --- [16-bankminiproject-app] [restartedMain] o.s.b.w.embedded.tomcat.TomcatWebServer  : Tomcat initialized with port 8080 (http)
2024-09-04T02:54:46.900+05:30  INFO 35988 --- [16-bankminiproject-app] [restartedMain] o.apache.catalina.core.StandardService   : Starting service [Tomcat]
2024-09-04T02:54:46.901+05:30  INFO 35988 --- [16-bankminiproject-app] [restartedMain] o.apache.catalina.core.StandardEngine    : Starting Servlet engine: [Apache Tomcat/10.1.28]
2024-09-04T02:54:46.954+05:30  INFO 35988 --- [16-bankminiproject-app] [restartedMain] o.a.c.c.C.[Tomcat].[localhost].[/]       : Initializing Spring embedded WebApplicationContext
2024-09-04T02:54:46.955+05:30  INFO 35988 --- [16-bankminiproject-app] [restartedMain] w.s.c.ServletWebServerApplicationContext : Root WebApplicationContext: initialization completed in 1089 ms
2024-09-04T02:54:47.078+05:30  INFO 35988 --- [16-bankminiproject-app] [restartedMain] o.hibernate.jpa.internal.util.LogHelper  : HHH000204: Processing PersistenceUnitInfo [name: default]
2024-09-04T02:54:47.085+05:30  INFO 35988 --- [16-bankminiproject-app] [restartedMain] o.h.c.internal.RegionFactoryInitiator    : HHH000026: Second-level cache disabled
2024-09-04T02:54:47.103+05:30  INFO 35988 --- [16-bankminiproject-app] [restartedMain] o.s.o.j.p.SpringPersistenceUnitInfo      : No LoadTimeWeaver setup: ignoring JPA class transformer
2024-09-04T02:54:47.104+05:30  INFO 35988 --- [16-bankminiproject-app] [restartedMain] com.zaxxer.hikari.HikariDataSource       : HikariPool-2 - Starting...
2024-09-04T02:54:47.143+05:30  INFO 35988 --- [16-bankminiproject-app] [restartedMain] com.zaxxer.hikari.pool.HikariPool        : HikariPool-2 - Added connection com.mysql.cj.jdbc.ConnectionImpl@67373000
2024-09-04T02:54:47.143+05:30  INFO 35988 --- [16-bankminiproject-app] [restartedMain] com.zaxxer.hikari.HikariDataSource       : HikariPool-2 - Start completed.
2024-09-04T02:54:47.435+05:30  INFO 35988 --- [16-bankminiproject-app] [restartedMain] o.h.e.t.j.p.i.JtaPlatformInitiator       : HHH000489: No JTA platform available (set 'hibernate.transaction.jta.platform' to enable JTA platform integration)
2024-09-04T02:54:47.520+05:30  INFO 35988 --- [16-bankminiproject-app] [restartedMain] j.LocalContainerEntityManagerFactoryBean : Initialized JPA EntityManagerFactory for persistence unit 'default'
2024-09-04T02:54:47.828+05:30  INFO 35988 --- [16-bankminiproject-app] [restartedMain] r$InitializeUserDetailsManagerConfigurer : Global AuthenticationManager configured with UserDetailsService bean with name customUserDetailsService
2024-09-04T02:54:47.930+05:30  WARN 35988 --- [16-bankminiproject-app] [restartedMain] JpaBaseConfiguration$JpaWebConfiguration : spring.jpa.open-in-view is enabled by default. Therefore, database queries may be performed during view rendering. Explicitly configure spring.jpa.open-in-view to disable this warning
2024-09-04T02:54:48.198+05:30  INFO 35988 --- [16-bankminiproject-app] [restartedMain] o.s.b.d.a.OptionalLiveReloadServer       : LiveReload server is running on port 35729
2024-09-04T02:54:48.215+05:30  INFO 35988 --- [16-bankminiproject-app] [restartedMain] o.s.b.w.embedded.tomcat.TomcatWebServer  : Tomcat started on port 8080 (http) with context path '/'
2024-09-04T02:54:48.222+05:30  INFO 35988 --- [16-bankminiproject-app] [restartedMain] com.techlabs.bank.Application            : Started Application in 2.428 seconds (process running for 108.068)
2024-09-04T02:54:48.229+05:30  INFO 35988 --- [16-bankminiproject-app] [restartedMain] .ConditionEvaluationDeltaLoggingListener : Condition evaluation unchanged
2024-09-04T02:54:52.486+05:30  INFO 35988 --- [16-bankminiproject-app] [http-nio-8080-exec-4] o.a.c.c.C.[Tomcat].[localhost].[/]       : Initializing Spring DispatcherServlet 'dispatcherServlet'
2024-09-04T02:54:52.486+05:30  INFO 35988 --- [16-bankminiproject-app] [http-nio-8080-exec-4] o.s.web.servlet.DispatcherServlet        : Initializing Servlet 'dispatcherServlet'
2024-09-04T02:54:52.489+05:30  INFO 35988 --- [16-bankminiproject-app] [http-nio-8080-exec-4] o.s.web.servlet.DispatcherServlet        : Completed initialization in 2 ms
