2024-08-29T10:17:52.034+05:30  INFO 26904 --- [12-advancemapping-app] [restartedMain] com.techlabs.mappings.Application        : Starting Application using Java 21.0.3 with PID 26904 (D:\Spring_Assignments\12-advancemapping-app\target\classes started by Pranay.Mahadik in D:\Spring_Assignments\12-advancemapping-app)
2024-08-29T10:17:52.073+05:30  INFO 26904 --- [12-advancemapping-app] [restartedMain] com.techlabs.mappings.Application        : No active profile set, falling back to 1 default profile: "default"
2024-08-29T10:17:52.166+05:30  INFO 26904 --- [12-advancemapping-app] [restartedMain] .e.DevToolsPropertyDefaultsPostProcessor : Devtools property defaults active! Set 'spring.devtools.add-properties' to 'false' to disable
2024-08-29T10:17:52.167+05:30  INFO 26904 --- [12-advancemapping-app] [restartedMain] .e.DevToolsPropertyDefaultsPostProcessor : For additional web related logging consider setting the 'logging.level.web' property to 'DEBUG'
2024-08-29T10:17:54.185+05:30  INFO 26904 --- [12-advancemapping-app] [restartedMain] .s.d.r.c.RepositoryConfigurationDelegate : Bootstrapping Spring Data JPA repositories in DEFAULT mode.
2024-08-29T10:17:54.436+05:30  INFO 26904 --- [12-advancemapping-app] [restartedMain] .s.d.r.c.RepositoryConfigurationDelegate : Finished Spring Data repository scanning in 236 ms. Found 5 JPA repository interfaces.
2024-08-29T10:17:55.934+05:30  INFO 26904 --- [12-advancemapping-app] [restartedMain] o.s.b.w.embedded.tomcat.TomcatWebServer  : Tomcat initialized with port 8080 (http)
2024-08-29T10:17:55.965+05:30  INFO 26904 --- [12-advancemapping-app] [restartedMain] o.apache.catalina.core.StandardService   : Starting service [Tomcat]
2024-08-29T10:17:55.967+05:30  INFO 26904 --- [12-advancemapping-app] [restartedMain] o.apache.catalina.core.StandardEngine    : Starting Servlet engine: [Apache Tomcat/10.1.28]
2024-08-29T10:17:56.087+05:30  INFO 26904 --- [12-advancemapping-app] [restartedMain] o.a.c.c.C.[Tomcat].[localhost].[/]       : Initializing Spring embedded WebApplicationContext
2024-08-29T10:17:56.088+05:30  INFO 26904 --- [12-advancemapping-app] [restartedMain] w.s.c.ServletWebServerApplicationContext : Root WebApplicationContext: initialization completed in 3920 ms
2024-08-29T10:17:56.544+05:30  INFO 26904 --- [12-advancemapping-app] [restartedMain] o.hibernate.jpa.internal.util.LogHelper  : HHH000204: Processing PersistenceUnitInfo [name: default]
2024-08-29T10:17:56.696+05:30  INFO 26904 --- [12-advancemapping-app] [restartedMain] org.hibernate.Version                    : HHH000412: Hibernate ORM core version 6.5.2.Final
2024-08-29T10:17:56.771+05:30  INFO 26904 --- [12-advancemapping-app] [restartedMain] o.h.c.internal.RegionFactoryInitiator    : HHH000026: Second-level cache disabled
2024-08-29T10:17:57.439+05:30  INFO 26904 --- [12-advancemapping-app] [restartedMain] o.s.o.j.p.SpringPersistenceUnitInfo      : No LoadTimeWeaver setup: ignoring JPA class transformer
2024-08-29T10:17:57.512+05:30  INFO 26904 --- [12-advancemapping-app] [restartedMain] com.zaxxer.hikari.HikariDataSource       : HikariPool-1 - Starting...
2024-08-29T10:17:58.444+05:30  INFO 26904 --- [12-advancemapping-app] [restartedMain] com.zaxxer.hikari.pool.HikariPool        : HikariPool-1 - Added connection com.mysql.cj.jdbc.ConnectionImpl@23281e1
2024-08-29T10:17:58.447+05:30  INFO 26904 --- [12-advancemapping-app] [restartedMain] com.zaxxer.hikari.HikariDataSource       : HikariPool-1 - Start completed.
2024-08-29T10:18:01.156+05:30  INFO 26904 --- [12-advancemapping-app] [restartedMain] o.h.e.t.j.p.i.JtaPlatformInitiator       : HHH000489: No JTA platform available (set 'hibernate.transaction.jta.platform' to enable JTA platform integration)
2024-08-29T10:18:01.456+05:30  INFO 26904 --- [12-advancemapping-app] [restartedMain] j.LocalContainerEntityManagerFactoryBean : Initialized JPA EntityManagerFactory for persistence unit 'default'
2024-08-29T10:18:02.592+05:30  WARN 26904 --- [12-advancemapping-app] [restartedMain] JpaBaseConfiguration$JpaWebConfiguration : spring.jpa.open-in-view is enabled by default. Therefore, database queries may be performed during view rendering. Explicitly configure spring.jpa.open-in-view to disable this warning
2024-08-29T10:18:03.415+05:30  WARN 26904 --- [12-advancemapping-app] [restartedMain] .s.s.UserDetailsServiceAutoConfiguration : 

Using generated security password: b5956d1b-5b5a-4286-b1fb-9d298b33c708

This generated password is for development use only. Your security configuration must be updated before running your application in production.

2024-08-29T10:18:03.452+05:30  INFO 26904 --- [12-advancemapping-app] [restartedMain] r$InitializeUserDetailsManagerConfigurer : Global AuthenticationManager configured with UserDetailsService bean with name inMemoryUserDetailsManager
2024-08-29T10:18:03.847+05:30  INFO 26904 --- [12-advancemapping-app] [restartedMain] o.s.b.d.a.OptionalLiveReloadServer       : LiveReload server is running on port 35729
2024-08-29T10:18:03.961+05:30  INFO 26904 --- [12-advancemapping-app] [restartedMain] o.s.b.w.embedded.tomcat.TomcatWebServer  : Tomcat started on port 8080 (http) with context path '/'
2024-08-29T10:18:03.980+05:30  INFO 26904 --- [12-advancemapping-app] [restartedMain] com.techlabs.mappings.Application        : Started Application in 12.795 seconds (process running for 13.965)
2024-08-29T10:19:10.139+05:30  INFO 26904 --- [12-advancemapping-app] [http-nio-8080-exec-1] o.a.c.c.C.[Tomcat].[localhost].[/]       : Initializing Spring DispatcherServlet 'dispatcherServlet'
2024-08-29T10:19:10.140+05:30  INFO 26904 --- [12-advancemapping-app] [http-nio-8080-exec-1] o.s.web.servlet.DispatcherServlet        : Initializing Servlet 'dispatcherServlet'
2024-08-29T10:19:10.142+05:30  INFO 26904 --- [12-advancemapping-app] [http-nio-8080-exec-1] o.s.web.servlet.DispatcherServlet        : Completed initialization in 2 ms
2024-08-29T10:23:13.464+05:30  INFO 20600 --- [12-advancemapping-app] [restartedMain] com.techlabs.mappings.Application        : Starting Application using Java 21.0.3 with PID 20600 (D:\Spring_Assignments\12-advancemapping-app\target\classes started by Pranay.Mahadik in D:\Spring_Assignments\12-advancemapping-app)
2024-08-29T10:23:13.468+05:30  INFO 20600 --- [12-advancemapping-app] [restartedMain] com.techlabs.mappings.Application        : No active profile set, falling back to 1 default profile: "default"
2024-08-29T10:23:13.561+05:30  INFO 20600 --- [12-advancemapping-app] [restartedMain] .e.DevToolsPropertyDefaultsPostProcessor : Devtools property defaults active! Set 'spring.devtools.add-properties' to 'false' to disable
2024-08-29T10:23:13.561+05:30  INFO 20600 --- [12-advancemapping-app] [restartedMain] .e.DevToolsPropertyDefaultsPostProcessor : For additional web related logging consider setting the 'logging.level.web' property to 'DEBUG'
2024-08-29T10:23:15.315+05:30  INFO 20600 --- [12-advancemapping-app] [restartedMain] .s.d.r.c.RepositoryConfigurationDelegate : Bootstrapping Spring Data JPA repositories in DEFAULT mode.
2024-08-29T10:23:15.538+05:30  INFO 20600 --- [12-advancemapping-app] [restartedMain] .s.d.r.c.RepositoryConfigurationDelegate : Finished Spring Data repository scanning in 208 ms. Found 5 JPA repository interfaces.
2024-08-29T10:23:17.091+05:30  INFO 20600 --- [12-advancemapping-app] [restartedMain] o.s.b.w.embedded.tomcat.TomcatWebServer  : Tomcat initialized with port 8080 (http)
2024-08-29T10:23:17.126+05:30  INFO 20600 --- [12-advancemapping-app] [restartedMain] o.apache.catalina.core.StandardService   : Starting service [Tomcat]
2024-08-29T10:23:17.127+05:30  INFO 20600 --- [12-advancemapping-app] [restartedMain] o.apache.catalina.core.StandardEngine    : Starting Servlet engine: [Apache Tomcat/10.1.28]
2024-08-29T10:23:17.228+05:30  INFO 20600 --- [12-advancemapping-app] [restartedMain] o.a.c.c.C.[Tomcat].[localhost].[/]       : Initializing Spring embedded WebApplicationContext
2024-08-29T10:23:17.229+05:30  INFO 20600 --- [12-advancemapping-app] [restartedMain] w.s.c.ServletWebServerApplicationContext : Root WebApplicationContext: initialization completed in 3666 ms
2024-08-29T10:23:17.671+05:30  INFO 20600 --- [12-advancemapping-app] [restartedMain] o.hibernate.jpa.internal.util.LogHelper  : HHH000204: Processing PersistenceUnitInfo [name: default]
2024-08-29T10:23:17.773+05:30  INFO 20600 --- [12-advancemapping-app] [restartedMain] org.hibernate.Version                    : HHH000412: Hibernate ORM core version 6.5.2.Final
2024-08-29T10:23:17.831+05:30  INFO 20600 --- [12-advancemapping-app] [restartedMain] o.h.c.internal.RegionFactoryInitiator    : HHH000026: Second-level cache disabled
2024-08-29T10:23:18.644+05:30  INFO 20600 --- [12-advancemapping-app] [restartedMain] o.s.o.j.p.SpringPersistenceUnitInfo      : No LoadTimeWeaver setup: ignoring JPA class transformer
2024-08-29T10:23:18.713+05:30  INFO 20600 --- [12-advancemapping-app] [restartedMain] com.zaxxer.hikari.HikariDataSource       : HikariPool-1 - Starting...
2024-08-29T10:23:19.426+05:30  INFO 20600 --- [12-advancemapping-app] [restartedMain] com.zaxxer.hikari.pool.HikariPool        : HikariPool-1 - Added connection com.mysql.cj.jdbc.ConnectionImpl@57247e90
2024-08-29T10:23:19.430+05:30  INFO 20600 --- [12-advancemapping-app] [restartedMain] com.zaxxer.hikari.HikariDataSource       : HikariPool-1 - Start completed.
2024-08-29T10:23:21.414+05:30  INFO 20600 --- [12-advancemapping-app] [restartedMain] o.h.e.t.j.p.i.JtaPlatformInitiator       : HHH000489: No JTA platform available (set 'hibernate.transaction.jta.platform' to enable JTA platform integration)
2024-08-29T10:23:21.603+05:30  INFO 20600 --- [12-advancemapping-app] [restartedMain] j.LocalContainerEntityManagerFactoryBean : Initialized JPA EntityManagerFactory for persistence unit 'default'
2024-08-29T10:23:22.895+05:30  WARN 20600 --- [12-advancemapping-app] [restartedMain] JpaBaseConfiguration$JpaWebConfiguration : spring.jpa.open-in-view is enabled by default. Therefore, database queries may be performed during view rendering. Explicitly configure spring.jpa.open-in-view to disable this warning
2024-08-29T10:23:24.143+05:30  INFO 20600 --- [12-advancemapping-app] [restartedMain] r$InitializeUserDetailsManagerConfigurer : Global AuthenticationManager configured with UserDetailsService bean with name inMemoryUserDetailsManager
2024-08-29T10:23:24.659+05:30  INFO 20600 --- [12-advancemapping-app] [restartedMain] o.s.b.d.a.OptionalLiveReloadServer       : LiveReload server is running on port 35729
2024-08-29T10:23:24.845+05:30  INFO 20600 --- [12-advancemapping-app] [restartedMain] o.s.b.w.embedded.tomcat.TomcatWebServer  : Tomcat started on port 8080 (http) with context path '/'
2024-08-29T10:23:24.887+05:30  INFO 20600 --- [12-advancemapping-app] [restartedMain] com.techlabs.mappings.Application        : Started Application in 12.309 seconds (process running for 13.559)
2024-08-29T10:23:37.882+05:30  INFO 20600 --- [12-advancemapping-app] [http-nio-8080-exec-1] o.a.c.c.C.[Tomcat].[localhost].[/]       : Initializing Spring DispatcherServlet 'dispatcherServlet'
2024-08-29T10:23:37.882+05:30  INFO 20600 --- [12-advancemapping-app] [http-nio-8080-exec-1] o.s.web.servlet.DispatcherServlet        : Initializing Servlet 'dispatcherServlet'
2024-08-29T10:23:37.885+05:30  INFO 20600 --- [12-advancemapping-app] [http-nio-8080-exec-1] o.s.web.servlet.DispatcherServlet        : Completed initialization in 1 ms
